COMANDO: C:\Python312\python.exe -m src.compilador run repos\examples\basicos\sample_error.cd
STDOUT (LLVM IR):


STDERR (Erros):
Traceback (most recent call last):
  File "C:\Users\uber\source\repos\codon\src\compilador.py", line 13, in <module>
    from src.codegen.gerador_codigo import CodeGenerator
ImportError: cannot import name 'CodeGenerator' from 'src.codegen.gerador_codigo' (C:\Users\uber\source\repos\codon\src\codegen\gerador_codigo.py)

During handling of the above exception, another exception occurred:

Traceback (most recent call last):
  File "<frozen runpy>", line 198, in _run_module_as_main
  File "<frozen runpy>", line 88, in _run_code
  File "C:\Users\uber\source\repos\codon\src\compilador.py", line 16, in <module>
    print(f"\u26a0\ufe0f Gerador n√£o carregado (ImportError): {e}")
  File "C:\Python312\Lib\encodings\cp1252.py", line 19, in encode
    return codecs.charmap_encode(input,self.errors,encoding_table)[0]
           ^^^^^^^^^^^^^^^^^^^^^^^^^^^^^^^^^^^^^^^^^^^^^^^^^^^^^^^
UnicodeEncodeError: 'charmap' codec can't encode characters in position 0-1: character maps to <undefined>
